<?xml version="1.0" encoding="UTF-8"?>
<!-- Generated by org.testng.reporters.JUnitReportReporter -->
<testsuite hostname="IN-1YD1BK3" failures="1" tests="8" name="com.zee.cricketcountry.TestCricketCountryBrokenLinksHindiSiteForWeb" time="56.261" errors="0" timestamp="2022-10-21T14:04:17 IST" skipped="6">
  <testcase classname="com.zee.cricketcountry.TestCricketCountryBrokenLinksHindiSiteForWeb" name="test01_ValidateBrokenLinksOfHomeMainPage" time="37.058">
    <failure message="The following asserts failed:
	Validated, Found Broken Links at Pages expected [0] but found [11]" type="java.lang.AssertionError">
      <![CDATA[java.lang.AssertionError: The following asserts failed:
Validated, Found Broken Links at Pages expected [0] but found [11]
at org.testng.asserts.SoftAssert.assertAll(SoftAssert.java:47)
at org.testng.asserts.SoftAssert.assertAll(SoftAssert.java:31)
at com.zee.cricketcountry.TestCricketCountryBrokenLinksHindiSiteForWeb.test01_ValidateBrokenLinksOfHomeMainPage(TestCricketCountryBrokenLinksHindiSiteForWeb.java:48)
at java.base/jdk.internal.reflect.NativeMethodAccessorImpl.invoke0(Native Method)
at java.base/jdk.internal.reflect.NativeMethodAccessorImpl.invoke(NativeMethodAccessorImpl.java:62)
at java.base/jdk.internal.reflect.DelegatingMethodAccessorImpl.invoke(DelegatingMethodAccessorImpl.java:43)
at java.base/java.lang.reflect.Method.invoke(Method.java:566)
at org.testng.internal.MethodInvocationHelper.invokeMethod(MethodInvocationHelper.java:133)
at org.testng.internal.TestInvoker.invokeMethod(TestInvoker.java:584)
at org.testng.internal.TestInvoker.invokeTestMethod(TestInvoker.java:172)
at org.testng.internal.MethodRunner.runInSequence(MethodRunner.java:46)
at org.testng.internal.TestInvoker$MethodInvocationAgent.invoke(TestInvoker.java:804)
at org.testng.internal.TestInvoker.invokeTestMethods(TestInvoker.java:145)
at org.testng.internal.TestMethodWorker.invokeTestMethods(TestMethodWorker.java:146)
at org.testng.internal.TestMethodWorker.run(TestMethodWorker.java:128)
at java.base/java.util.ArrayList.forEach(ArrayList.java:1540)
at org.testng.TestRunner.privateRun(TestRunner.java:770)
at org.testng.TestRunner.run(TestRunner.java:591)
at org.testng.SuiteRunner.runTest(SuiteRunner.java:402)
at org.testng.SuiteRunner.runSequentially(SuiteRunner.java:396)
at org.testng.SuiteRunner.privateRun(SuiteRunner.java:355)
at org.testng.SuiteRunner.run(SuiteRunner.java:304)
at org.testng.SuiteRunnerWorker.runSuite(SuiteRunnerWorker.java:53)
at org.testng.SuiteRunnerWorker.run(SuiteRunnerWorker.java:96)
at org.testng.TestNG.runSuitesSequentially(TestNG.java:1180)
at org.testng.TestNG.runSuitesLocally(TestNG.java:1102)
at org.testng.TestNG.runSuites(TestNG.java:1032)
at org.testng.TestNG.run(TestNG.java:1000)
at org.testng.remote.AbstractRemoteTestNG.run(AbstractRemoteTestNG.java:115)
at org.testng.remote.RemoteTestNG.initAndRun(RemoteTestNG.java:251)
at org.testng.remote.RemoteTestNG.main(RemoteTestNG.java:77)
]]>
    </failure>
  </testcase> <!-- test01_ValidateBrokenLinksOfHomeMainPage -->
  <testcase classname="com.zee.cricketcountry.TestCricketCountryBrokenLinksHindiSiteForWeb" name="writeDataInExcel" time="19.203"/>
  <testcase classname="com.zee.cricketcountry.TestCricketCountryBrokenLinksHindiSiteForWeb" name="test07_ValidateBrokenLinksOfTwoArticlesForInterviews">
    <skipped/>
  </testcase> <!-- test07_ValidateBrokenLinksOfTwoArticlesForInterviews -->
  <testcase classname="com.zee.cricketcountry.TestCricketCountryBrokenLinksHindiSiteForWeb" name="test05_ValidateBrokenLinksOfTwoArticlesForMomentsInHistoryPage">
    <skipped/>
  </testcase> <!-- test05_ValidateBrokenLinksOfTwoArticlesForMomentsInHistoryPage -->
  <testcase classname="com.zee.cricketcountry.TestCricketCountryBrokenLinksHindiSiteForWeb" name="test02_ValidateBrokenLinksOfTwoArticlesForNews">
    <skipped/>
  </testcase> <!-- test02_ValidateBrokenLinksOfTwoArticlesForNews -->
  <testcase classname="com.zee.cricketcountry.TestCricketCountryBrokenLinksHindiSiteForWeb" name="test04_ValidateBrokenLinksOfMainPageOfSeries">
    <skipped/>
  </testcase> <!-- test04_ValidateBrokenLinksOfMainPageOfSeries -->
  <testcase classname="com.zee.cricketcountry.TestCricketCountryBrokenLinksHindiSiteForWeb" name="test06_ValidateBrokenLinksOfMainPageAndTwoPhotosSectionForPhotoPage">
    <skipped/>
  </testcase> <!-- test06_ValidateBrokenLinksOfMainPageAndTwoPhotosSectionForPhotoPage -->
  <testcase classname="com.zee.cricketcountry.TestCricketCountryBrokenLinksHindiSiteForWeb" name="test03_ValidateBrokenLinksOfMainPageOfT20WorldCup">
    <skipped/>
  </testcase> <!-- test03_ValidateBrokenLinksOfMainPageOfT20WorldCup -->
</testsuite> <!-- com.zee.cricketcountry.TestCricketCountryBrokenLinksHindiSiteForWeb -->
