<?xml version="1.0" encoding="UTF-8"?>
<!-- Generated by org.testng.reporters.JUnitReportReporter -->
<testsuite hostname="ZD-104CCR3" failures="0" tests="1" name="demo.demo1" time="27.365" errors="0" timestamp="2023-01-06T16:43:30 IST" skipped="0">
  <testcase classname="demo.demo1" name="test01_Demo" time="27.365"/>
</testsuite> <!-- demo.demo1 -->
